<?xml version="1.0" encoding="UTF-8"?>
<!-- Generated by org.testng.reporters.JUnitXMLReporter -->
<testsuite hostname="L005614" name="PriceSmokeTest" tests="5" failures="0" timestamp="26 Oct 2017 14:46:10 GMT" time="0.141" errors="0">
  <testcase name="@BeforeTest LoginToDealMax" time="0.0" classname="com.apttus.admin.SmokeSuite">
    <failure type="org.testng.TestNGException" message="
Parameter &amp;apos;runParallel&amp;apos; is required by @Configuration on method LoginToDealMax but has not been marked @Optional or defined
in C:\newcpq\cpqaic\admin\PriceSuite.xml">
      <![CDATA[org.testng.TestNGException: 
Parameter 'runParallel' is required by @Configuration on method LoginToDealMax but has not been marked @Optional or defined
in C:\newcpq\cpqaic\admin\PriceSuite.xml
... Removed 19 stack frames]]>
    </failure>
  </testcase> <!-- @BeforeTest LoginToDealMax -->
  <testcase name="PriceListMandatoryFields" time="0.016" classname="com.apttus.admin.SmokeSuite">
    <skipped/>
  </testcase> <!-- PriceListMandatoryFields -->
  <testcase name="DisablePriceToggle" time="0.016" classname="com.apttus.admin.SmokeSuite">
    <skipped/>
  </testcase> <!-- DisablePriceToggle -->
  <testcase name="PriceListValidation" time="0.0" classname="com.apttus.admin.SmokeSuite">
    <skipped/>
  </testcase> <!-- PriceListValidation -->
  <testcase name="PriceRulesetValidation" time="0.015" classname="com.apttus.admin.SmokeSuite">
    <skipped/>
  </testcase> <!-- PriceRulesetValidation -->
  <testcase name="PricePipelineValidation" time="0.0" classname="com.apttus.admin.SmokeSuite">
    <skipped/>
  </testcase> <!-- PricePipelineValidation -->
</testsuite> <!-- PriceSmokeTest -->
